TN:
SF:src/context.ts
FN:25,createContext
FN:44,provide
FN:45,decorateContextProvider
FN:48,onConsumerConnect
FN:65,onDisconnectFromProvider
FN:79,providerProto.connectedCallback
FN:84,providerProto.disconnectedCallback
FN:95,get
FN:99,set
FN:113,consume
FN:114,decorateContextConsumer
FN:117,onConnectToProvider
FN:123,onConnectToProvider
FN:138,off
FN:145,onProviderUpdate
FN:154,onCouldNotFindProvider
FN:174,consumerProto.connectedCallback
FN:179,consumerProto.disconnectedCallback
FNF:18
FNH:17
FNDA:1,createContext
FNDA:1,provide
FNDA:1,decorateContextProvider
FNDA:1,onConsumerConnect
FNDA:1,onDisconnectFromProvider
FNDA:1,providerProto.connectedCallback
FNDA:1,providerProto.disconnectedCallback
FNDA:1,get
FNDA:1,set
FNDA:1,consume
FNDA:1,decorateContextConsumer
FNDA:1,onConnectToProvider
FNDA:1,onConnectToProvider
FNDA:1,off
FNDA:1,onProviderUpdate
FNDA:0,onCouldNotFindProvider
FNDA:1,consumerProto.connectedCallback
FNDA:1,consumerProto.disconnectedCallback
DA:1,1
DA:2,1
DA:3,1
DA:4,1
DA:5,1
DA:6,1
DA:7,1
DA:8,1
DA:9,1
DA:10,1
DA:11,1
DA:12,1
DA:13,1
DA:14,1
DA:15,1
DA:16,1
DA:17,1
DA:18,1
DA:19,1
DA:20,1
DA:21,1
DA:22,1
DA:23,1
DA:24,1
DA:25,1
DA:26,1
DA:27,1
DA:28,1
DA:29,1
DA:30,1
DA:31,1
DA:32,1
DA:33,1
DA:34,1
DA:35,1
DA:36,1
DA:37,1
DA:38,1
DA:39,1
DA:40,1
DA:41,1
DA:42,1
DA:43,1
DA:44,1
DA:45,1
DA:46,1
DA:47,1
DA:48,1
DA:49,1
DA:50,1
DA:51,1
DA:52,1
DA:53,1
DA:54,1
DA:55,1
DA:56,1
DA:57,1
DA:58,1
DA:59,1
DA:60,1
DA:61,1
DA:62,1
DA:63,1
DA:64,1
DA:65,1
DA:66,1
DA:67,1
DA:68,1
DA:69,1
DA:70,1
DA:71,1
DA:72,1
DA:73,1
DA:74,1
DA:75,1
DA:76,1
DA:77,1
DA:78,1
DA:79,1
DA:80,1
DA:81,1
DA:82,1
DA:83,1
DA:84,1
DA:85,1
DA:86,1
DA:87,1
DA:88,1
DA:89,1
DA:90,1
DA:91,1
DA:92,1
DA:93,1
DA:94,1
DA:95,1
DA:96,1
DA:97,1
DA:98,1
DA:99,1
DA:100,1
DA:101,1
DA:102,1
DA:103,1
DA:104,1
DA:105,1
DA:106,1
DA:107,1
DA:108,1
DA:109,1
DA:110,1
DA:111,1
DA:112,1
DA:113,1
DA:114,1
DA:115,1
DA:116,1
DA:117,1
DA:118,1
DA:119,1
DA:120,1
DA:121,1
DA:122,1
DA:123,1
DA:124,1
DA:125,1
DA:126,1
DA:127,1
DA:128,1
DA:129,1
DA:130,1
DA:131,1
DA:132,1
DA:133,1
DA:134,1
DA:135,1
DA:136,1
DA:137,1
DA:138,1
DA:139,1
DA:140,1
DA:141,1
DA:142,1
DA:143,1
DA:144,1
DA:145,1
DA:146,1
DA:147,1
DA:148,1
DA:149,1
DA:150,1
DA:151,1
DA:152,1
DA:153,1
DA:154,1
DA:155,0
DA:156,0
DA:157,1
DA:158,1
DA:159,1
DA:160,1
DA:161,1
DA:162,1
DA:163,1
DA:164,1
DA:165,1
DA:166,1
DA:167,1
DA:168,1
DA:169,1
DA:170,1
DA:171,1
DA:172,1
DA:173,1
DA:174,1
DA:175,1
DA:176,1
DA:177,1
DA:178,1
DA:179,1
DA:180,1
DA:181,1
DA:182,1
DA:183,1
DA:184,1
DA:185,1
DA:186,1
DA:187,1
DA:188,1
LF:188
LH:186
BRDA:25,0,0,1
BRDA:44,1,0,1
BRDA:45,2,0,1
BRDA:48,3,0,1
BRDA:65,4,0,1
BRDA:79,5,0,1
BRDA:84,6,0,1
BRDA:95,7,0,1
BRDA:99,8,0,1
BRDA:113,9,0,1
BRDA:114,10,0,1
BRDA:117,11,0,1
BRDA:123,12,0,1
BRDA:132,13,0,1
BRDA:138,14,0,1
BRDA:145,15,0,1
BRDA:174,16,0,1
BRDA:179,17,0,1
BRF:18
BRH:18
end_of_record
TN:
SF:src/events.ts
FN:2,validate
FN:15,ConsumerConnectEvent2
FN:27,ConsumerDisconnectEvent2
FN:37,ProviderUpdateEvent2
FNF:4
FNH:4
FNDA:1,validate
FNDA:1,ConsumerConnectEvent2
FNDA:1,ConsumerDisconnectEvent2
FNDA:1,ProviderUpdateEvent2
DA:1,1
DA:2,1
DA:3,1
DA:4,1
DA:5,1
DA:6,1
DA:7,1
DA:8,1
DA:9,1
DA:10,1
DA:11,1
DA:12,1
DA:13,1
DA:14,1
DA:15,1
DA:16,1
DA:17,1
DA:18,1
DA:19,1
DA:20,1
DA:21,1
DA:22,1
DA:23,1
DA:24,1
DA:25,1
DA:26,1
DA:27,1
DA:28,1
DA:29,1
DA:30,1
DA:31,1
DA:32,1
DA:33,1
DA:34,1
DA:35,1
DA:36,1
DA:37,1
DA:38,1
DA:39,1
DA:40,1
DA:41,1
DA:42,1
DA:43,1
LF:43
LH:43
BRDA:2,0,0,1
BRDA:15,1,0,1
BRDA:27,2,0,1
BRDA:37,3,0,1
BRF:4
BRH:4
end_of_record
TN:
SF:src/index.ts
FNF:0
FNH:0
DA:1,1
DA:2,1
DA:3,1
DA:4,1
DA:5,1
LF:5
LH:5
BRF:0
BRH:0
end_of_record
TN:
SF:src/types.ts
FN:23,noop
FNF:1
FNH:0
FNDA:0,noop
DA:1,1
DA:2,1
DA:3,1
DA:4,1
DA:5,1
DA:6,1
DA:7,1
DA:8,1
DA:9,1
DA:10,1
DA:11,1
DA:12,1
DA:13,1
DA:14,1
DA:15,1
DA:16,1
DA:17,1
DA:18,1
DA:19,1
DA:20,1
DA:21,1
DA:22,1
DA:23,1
LF:23
LH:23
BRF:0
BRH:0
end_of_record
TN:
SF:src/utils.ts
FN:1,isNull
FN:2,isUndefined
FN:4,isNil
FN:8,getConstructor
FN:12,isFunction
FN:15,notEqual
FN:20,fireEventAndRetry
FN:31,onStop
FN:36,onRetry
FN:50,start
FN:54,stop
FNF:11
FNH:11
FNDA:1,isNull
FNDA:1,isUndefined
FNDA:1,isNil
FNDA:1,getConstructor
FNDA:1,isFunction
FNDA:1,notEqual
FNDA:1,fireEventAndRetry
FNDA:1,onStop
FNDA:1,onRetry
FNDA:1,start
FNDA:1,stop
DA:1,1
DA:2,1
DA:3,1
DA:4,1
DA:5,1
DA:6,1
DA:7,1
DA:8,1
DA:9,1
DA:10,1
DA:11,1
DA:12,1
DA:13,1
DA:14,1
DA:15,1
DA:16,1
DA:17,1
DA:18,1
DA:19,1
DA:20,1
DA:21,1
DA:22,1
DA:23,1
DA:24,1
DA:25,1
DA:26,1
DA:27,1
DA:28,1
DA:29,1
DA:30,1
DA:31,1
DA:32,1
DA:33,1
DA:34,1
DA:35,1
DA:36,1
DA:37,1
DA:38,1
DA:39,1
DA:40,0
DA:41,0
DA:42,0
DA:43,1
DA:44,1
DA:45,1
DA:46,1
DA:47,1
DA:48,1
DA:49,1
DA:50,1
DA:51,1
DA:52,1
DA:53,1
DA:54,1
DA:55,1
DA:56,1
DA:57,1
DA:58,1
LF:58
LH:55
BRDA:1,0,0,1
BRDA:2,1,0,1
BRDA:4,2,0,1
BRDA:8,3,0,1
BRDA:12,4,0,1
BRDA:15,5,0,1
BRDA:17,6,0,0
BRDA:20,7,0,1
BRDA:31,8,0,1
BRDA:36,9,0,1
BRDA:39,10,0,0
BRDA:50,11,0,1
BRDA:54,12,0,1
BRF:13
BRH:11
end_of_record
TN:
SF:src/tests/FakeConsumer.ts
FN:3,FakeConsumer
FNF:1
FNH:1
FNDA:1,FakeConsumer
DA:1,1
DA:2,1
DA:3,1
DA:4,1
DA:5,1
DA:6,1
DA:7,1
DA:8,1
DA:9,1
DA:10,1
DA:11,1
DA:12,1
LF:12
LH:12
BRDA:3,0,0,1
BRF:1
BRH:1
end_of_record
TN:
SF:src/tests/FakeLitConsumer.ts
FN:5,FakeLitConsumer
FN:14,render
FNF:2
FNH:2
FNDA:1,FakeLitConsumer
FNDA:1,render
DA:1,1
DA:2,1
DA:3,1
DA:4,1
DA:5,1
DA:6,1
DA:7,1
DA:8,1
DA:9,1
DA:10,1
DA:11,1
DA:12,1
DA:13,1
DA:14,1
DA:15,1
DA:16,1
DA:17,1
LF:17
LH:17
BRDA:5,0,0,1
BRDA:14,1,0,1
BRF:2
BRH:2
end_of_record
TN:
SF:src/tests/FakeProvider.ts
FN:10,FakeProvider
FNF:1
FNH:1
FNDA:1,FakeProvider
DA:1,1
DA:2,1
DA:3,1
DA:4,1
DA:5,1
DA:6,1
DA:7,1
DA:8,1
DA:9,1
DA:10,1
DA:11,1
DA:12,1
DA:13,1
DA:14,1
DA:15,1
DA:16,1
DA:17,1
DA:18,1
DA:19,1
LF:19
LH:19
BRDA:10,0,0,1
BRF:1
BRH:1
end_of_record
TN:
SF:src/tests/fakeContext.ts
FNF:0
FNH:0
DA:1,1
DA:2,1
DA:3,1
DA:4,1
LF:4
LH:4
BRF:0
BRH:0
end_of_record
